2021-04-27 19:00:44,118 [DEBUG] org.apache.http.impl.conn.BasicClientConnectionManager  - Get connection for route {}->http://etqa.leap.gtinet.org:80
2021-04-27 19:00:44,229 [DEBUG] org.apache.http.impl.conn.DefaultClientConnectionOperator  - Connecting to etqa.leap.gtinet.org:80
2021-04-27 19:00:44,511 [DEBUG] org.apache.http.client.protocol.RequestAddCookies  - CookieSpec selected: ignoreCookies
2021-04-27 19:00:44,515 [DEBUG] org.apache.http.client.protocol.RequestAuthCache  - Auth cache not set in the context
2021-04-27 19:00:44,516 [DEBUG] org.apache.http.client.protocol.RequestProxyAuthentication  - Proxy auth state: UNCHALLENGED
2021-04-27 19:00:44,517 [DEBUG] org.apache.http.impl.client.DefaultHttpClient  - Attempt 1 to execute request
2021-04-27 19:00:44,518 [DEBUG] org.apache.http.impl.conn.DefaultClientConnection  - Sending request: GET /api/apac/roles/portal HTTP/1.1
2021-04-27 19:00:44,519 [DEBUG] org.apache.http.wire  -  >> "GET /api/apac/roles/portal HTTP/1.1[\r][\n]"
2021-04-27 19:00:44,521 [DEBUG] org.apache.http.wire  -  >> "Content-Type: application/json; charset=UTF-8[\r][\n]"
2021-04-27 19:00:44,528 [DEBUG] org.apache.http.wire  -  >> "Authorization: Bearer eyJ0eXAiOiJKV1QiLCJhbGciOiJSUzI1NiIsImtpZCI6Im5PbzNaRHJPRFhFSzFqS1doWHNsSFJfS1hFZyJ9.eyJhdWQiOiI3MmUwMDdmNS0wNDBkLTQ0NmUtYWIwYy0wOGYxNDFmMWRmNTMiLCJpc3MiOiJodHRwczovL2xvZ2luLm1pY3Jvc29mdG9ubGluZS5jb20vYTc2ZGI3OGItZDk0NS00YTNhLWJiNDItZmQwNDExZjU4YmQ4L3YyLjAiLCJpYXQiOjE2MTk1MjkwOTAsIm5iZiI6MTYxOTUyOTA5MCwiZXhwIjoxNjE5NTMyOTkwLCJpZHAiOiJodHRwczovL3N0cy53aW5kb3dzLm5ldC8wYjhmNjc3MC1hNDkwLTQ5NWQtODgzZi1kYzlmNmJhZTM4NGUvIiwibmFtZSI6Ik1NUyBUZXN0IEFwYWMgMTYiLCJub25jZSI6IjI1ZGRiNmU4LTUzNzAtNDkyZC04ZGRiLTg2ZjJkNGUxYTMxNiIsIm9pZCI6IjVmOWYxOTBkLTY5YzktNDY2MC05ZDgyLTliNDdmNDQzMjUxMyIsInByZWZlcnJlZF91c2VybmFtZSI6Im1tcy50ZXN0LmFwYWMuMTZAZ3RhZGhvYy5ndC5jb20iLCJyaCI6IjAuQVJzQWk3ZHRwMFhaT2txN1F2MEVFZldMMlBVSDRISU5CRzVFcXd3SThVSHgzMU1iQUg0LiIsInN1YiI6InZNRUpPSmFrTUNtTVdUcmtsQTJxRnFmNlRpTF9xLTJuSUtQcTBKbncxV0EiLCJ0aWQiOiJhNzZkYjc4Yi1kOTQ1LTRhM2EtYmI0Mi1mZDA0MTFmNThiZDgiLCJ1dGkiOiJMMU51cUtzSmdFLTdPWHZmRWNBcEFRIiwidmVyIjoiMi4wIiwibWVtYmVyZmlybWlkIjoiYXBhYy50ZXN0In0.LdceDYI08pgwQzTiZkNlyDpjs10snd3_zjTTo63wWcHot3ljxDOmn8eIOe3cmBD79zbZgXSrmQNtuO6oPe2qnVi4DyK5WI_vfMm-LQJpjNrMnWo1giWZxFT2UtaYxDIxksYLsxORMdEOoQuEiXm9deOE45n0cQHVn0B0Co9AoZbv-sTuktaYw76_ewUMyllA-2FTYk3RSCUDlbNmHxczDfHb84OzlwRunM0ZmF2B5Wr6E8gd60X-EUOSfjE8utgiNPz0khchbvL8rKHG-d6SxeTYKxF81Rjfc3xa8PPrG9ZkxG73qSrr_C6l5OVzciv6RDm9YG3LHyUXqm_DbMFSQQ[\r][\n]"
2021-04-27 19:00:44,528 [DEBUG] org.apache.http.wire  -  >> "Accept: */*[\r][\n]"
2021-04-27 19:00:44,528 [DEBUG] org.apache.http.wire  -  >> "Host: etqa.leap.gtinet.org[\r][\n]"
2021-04-27 19:00:44,529 [DEBUG] org.apache.http.wire  -  >> "Connection: Keep-Alive[\r][\n]"
2021-04-27 19:00:44,529 [DEBUG] org.apache.http.wire  -  >> "User-Agent: Apache-HttpClient/4.5.3 (Java/1.8.0_151)[\r][\n]"
2021-04-27 19:00:44,529 [DEBUG] org.apache.http.wire  -  >> "Accept-Encoding: gzip,deflate[\r][\n]"
2021-04-27 19:00:44,529 [DEBUG] org.apache.http.wire  -  >> "[\r][\n]"
2021-04-27 19:00:44,529 [DEBUG] org.apache.http.headers  - >> GET /api/apac/roles/portal HTTP/1.1
2021-04-27 19:00:44,529 [DEBUG] org.apache.http.headers  - >> Content-Type: application/json; charset=UTF-8
2021-04-27 19:00:44,530 [DEBUG] org.apache.http.headers  - >> Authorization: Bearer eyJ0eXAiOiJKV1QiLCJhbGciOiJSUzI1NiIsImtpZCI6Im5PbzNaRHJPRFhFSzFqS1doWHNsSFJfS1hFZyJ9.eyJhdWQiOiI3MmUwMDdmNS0wNDBkLTQ0NmUtYWIwYy0wOGYxNDFmMWRmNTMiLCJpc3MiOiJodHRwczovL2xvZ2luLm1pY3Jvc29mdG9ubGluZS5jb20vYTc2ZGI3OGItZDk0NS00YTNhLWJiNDItZmQwNDExZjU4YmQ4L3YyLjAiLCJpYXQiOjE2MTk1MjkwOTAsIm5iZiI6MTYxOTUyOTA5MCwiZXhwIjoxNjE5NTMyOTkwLCJpZHAiOiJodHRwczovL3N0cy53aW5kb3dzLm5ldC8wYjhmNjc3MC1hNDkwLTQ5NWQtODgzZi1kYzlmNmJhZTM4NGUvIiwibmFtZSI6Ik1NUyBUZXN0IEFwYWMgMTYiLCJub25jZSI6IjI1ZGRiNmU4LTUzNzAtNDkyZC04ZGRiLTg2ZjJkNGUxYTMxNiIsIm9pZCI6IjVmOWYxOTBkLTY5YzktNDY2MC05ZDgyLTliNDdmNDQzMjUxMyIsInByZWZlcnJlZF91c2VybmFtZSI6Im1tcy50ZXN0LmFwYWMuMTZAZ3RhZGhvYy5ndC5jb20iLCJyaCI6IjAuQVJzQWk3ZHRwMFhaT2txN1F2MEVFZldMMlBVSDRISU5CRzVFcXd3SThVSHgzMU1iQUg0LiIsInN1YiI6InZNRUpPSmFrTUNtTVdUcmtsQTJxRnFmNlRpTF9xLTJuSUtQcTBKbncxV0EiLCJ0aWQiOiJhNzZkYjc4Yi1kOTQ1LTRhM2EtYmI0Mi1mZDA0MTFmNThiZDgiLCJ1dGkiOiJMMU51cUtzSmdFLTdPWHZmRWNBcEFRIiwidmVyIjoiMi4wIiwibWVtYmVyZmlybWlkIjoiYXBhYy50ZXN0In0.LdceDYI08pgwQzTiZkNlyDpjs10snd3_zjTTo63wWcHot3ljxDOmn8eIOe3cmBD79zbZgXSrmQNtuO6oPe2qnVi4DyK5WI_vfMm-LQJpjNrMnWo1giWZxFT2UtaYxDIxksYLsxORMdEOoQuEiXm9deOE45n0cQHVn0B0Co9AoZbv-sTuktaYw76_ewUMyllA-2FTYk3RSCUDlbNmHxczDfHb84OzlwRunM0ZmF2B5Wr6E8gd60X-EUOSfjE8utgiNPz0khchbvL8rKHG-d6SxeTYKxF81Rjfc3xa8PPrG9ZkxG73qSrr_C6l5OVzciv6RDm9YG3LHyUXqm_DbMFSQQ
2021-04-27 19:00:44,530 [DEBUG] org.apache.http.headers  - >> Accept: */*
2021-04-27 19:00:44,530 [DEBUG] org.apache.http.headers  - >> Host: etqa.leap.gtinet.org
2021-04-27 19:00:44,530 [DEBUG] org.apache.http.headers  - >> Connection: Keep-Alive
2021-04-27 19:00:44,530 [DEBUG] org.apache.http.headers  - >> User-Agent: Apache-HttpClient/4.5.3 (Java/1.8.0_151)
2021-04-27 19:00:44,530 [DEBUG] org.apache.http.headers  - >> Accept-Encoding: gzip,deflate
2021-04-27 19:00:44,752 [DEBUG] org.apache.http.wire  -  << "HTTP/1.1 200 OK[\r][\n]"
2021-04-27 19:00:44,757 [DEBUG] org.apache.http.wire  -  << "Date: Tue, 27 Apr 2021 13:31:59 GMT[\r][\n]"
2021-04-27 19:00:44,757 [DEBUG] org.apache.http.wire  -  << "Content-Type: application/json; charset=utf-8[\r][\n]"
2021-04-27 19:00:44,757 [DEBUG] org.apache.http.wire  -  << "Content-Length: 2579[\r][\n]"
2021-04-27 19:00:44,758 [DEBUG] org.apache.http.wire  -  << "Connection: keep-alive[\r][\n]"
2021-04-27 19:00:44,758 [DEBUG] org.apache.http.wire  -  << "Server: Kestrel[\r][\n]"
2021-04-27 19:00:44,758 [DEBUG] org.apache.http.wire  -  << "[\r][\n]"
2021-04-27 19:00:44,760 [DEBUG] org.apache.http.impl.conn.DefaultClientConnection  - Receiving response: HTTP/1.1 200 OK
2021-04-27 19:00:44,760 [DEBUG] org.apache.http.headers  - << HTTP/1.1 200 OK
2021-04-27 19:00:44,760 [DEBUG] org.apache.http.headers  - << Date: Tue, 27 Apr 2021 13:31:59 GMT
2021-04-27 19:00:44,760 [DEBUG] org.apache.http.headers  - << Content-Type: application/json; charset=utf-8
2021-04-27 19:00:44,760 [DEBUG] org.apache.http.headers  - << Content-Length: 2579
2021-04-27 19:00:44,760 [DEBUG] org.apache.http.headers  - << Connection: keep-alive
2021-04-27 19:00:44,760 [DEBUG] org.apache.http.headers  - << Server: Kestrel
2021-04-27 19:00:44,771 [DEBUG] org.apache.http.impl.client.DefaultHttpClient  - Connection can be kept alive indefinitely
2021-04-27 19:00:44,818 [DEBUG] io.restassured.internal.RequestSpecificationImpl$RestAssuredHttpBuilder  - Parsing response as: application/json; charset=utf-8
2021-04-27 19:00:44,818 [DEBUG] io.restassured.internal.RequestSpecificationImpl$RestAssuredHttpBuilder  - Parsed data to instance of: class org.apache.http.conn.EofSensorInputStream
2021-04-27 19:00:44,914 [DEBUG] org.apache.http.wire  -  << "[{"id":"6058d336ded733b99f430db0","name":"Admin","permissions":["portal.roles.read","portal.roles.create","portal.roles.update","portal.roles.delete","portal.roleAssignments.read","portal.roleAssignments.update","portal.engagement.create","portal.engagement.create.rollForward","portal.engagement.all.list","portal.engagement.all.access.override","portal.engagement.all.team.add","portal.engagement.all.team.remove","portal.engagement.all.team.manageRequests","portal.engagement.all.team.updatePlatformRole","portal.engagement.all.share.external","portal.engagement.all.createGuestPackage","portal.engagement.all.share.otherMemberFirm","portal.engagement.all.share.copyExport","portal.engagement.all.reports.read","portal.engagement.all.archive.force","portal.engagement.all.logs.read","portal.engagement.all.logs.export"],"locked":true,"deleted":false},{"id":"6058d6d187e44420fb19c59a","name":"National Office 2","permissions":["portal.roles.read","portal.roles.create","portal.roles.update","portal.roles.delete","portal.roleAssignments.read","portal.roleAssignments.update","portal.engagement.create","portal.engagement.create.rollForward","portal.engagement.all.list"],"locked":false,"deleted":false},{"id":"6058d6d7896528a0b8fe36f1","name":"Engagement Creator","permissions":["portal.engagement.create","portal.engagement.create.rollForward","engagement.all.team.add","engagement.all.team.remove"],"locked":false,"deleted":false},{"id":"6058d6ca930fc15eebd6b57b","name":"National Office 1","permissions":["portal.roles.read","portal.roles.create","portal.roles.update","portal.roles.delete","portal.roleAssignments.read","portal.roleAssignments.update","portal.engagement.create","portal.engagement.create.rollForward","portal.engagement.all.list","portal.engagement.all.access.override","portal.engagement.all.team.add","portal.engagement.all.team.remove","portal.engagement.all.team.manageRequests","portal.engagement.all.team.updatePlatformRole","portal.engagement.all.share.external","portal.engagement.all.createGuestPackage","portal.engagement.all.share.otherMemberFirm","portal.engagement.all.share.copyExport","portal.engagement.all.reports.read","portal.engagement.all.archive.force","portal.engagement.all.logs.read","portal.engagement.all.logs.export"],"locked":false,"deleted":false},{"id":"60823899dc4104dc34b6d634","name":"New Role by Release ","permissions":["portal.roles.read"],"locked":false,"deleted":false},{"id":"6087d826dc4104dc34b6d6d2","name":"new permission","permissions":["portal.engagement.all.createGuestPackage"],"locked":false,"deleted":true}]"
2021-04-27 19:00:44,915 [DEBUG] org.apache.http.impl.conn.BasicClientConnectionManager  - Releasing connection org.apache.http.impl.conn.ManagedClientConnectionImpl@6b98a075
2021-04-27 19:00:44,915 [DEBUG] org.apache.http.impl.conn.BasicClientConnectionManager  - Connection can be kept alive indefinitely
